This is pdfTeX, Version 3.14159265-2.6-1.40.19 (MiKTeX 2.9.6880 64-bit) (preloaded format=pdflatex 2018.12.5)  20 DEC 2018 00:23
entering extended mode
**./main.tex
(main.tex
LaTeX2e <2018-04-01> patch level 5
(fixos/pacotes.tex
("C:\Users\andre\AppData\Local\Programs\MiKTeX 2.9\tex\latex\abntex2\abntex2.cl
s"
Document Class: abntex2 2018/11/24 v-1.9.7 abnTeX2
("C:\Users\andre\AppData\Local\Programs\MiKTeX 2.9\tex\latex\base\ifthen.sty"
Package: ifthen 2014/09/29 v1.1c Standard LaTeX ifthen package (DPC)
)
("C:\Users\andre\AppData\Local\Programs\MiKTeX 2.9\tex\latex\memoir\memoir.cls"
Document Class: memoir 2018/04/04 v3.7g configurable book, report, article docu
ment class
\onelineskip=\skip41
\lxvchars=\skip42
\xlvchars=\skip43
\@memcnta=\count80
\c@@memmarkcntra=\count81

("C:\Users\andre\AppData\Local\Programs\MiKTeX 2.9\tex\generic\oberdiek\ifpdf.s
ty"
Package: ifpdf 2018/09/07 v3.3 Provides the ifpdf switch
)
("C:\Users\andre\AppData\Local\Programs\MiKTeX 2.9\tex\latex\ifetex\ifetex.sty"
Package: ifetex 2018/03/31 v1.2a ifetex
("C:\Users\andre\AppData\Local\Programs\MiKTeX 2.9\tex\plain\ifetex\ifetex.tex"
))
("C:\Users\andre\AppData\Local\Programs\MiKTeX 2.9\tex\generic\ifxetex\ifxetex.
sty"
Package: ifxetex 2010/09/12 v0.6 Provides ifxetex conditional
)
("C:\Users\andre\AppData\Local\Programs\MiKTeX 2.9\tex\generic\oberdiek\ifluate
x.sty"
Package: ifluatex 2016/05/16 v1.4 Provides the ifluatex switch (HO)
Package ifluatex Info: LuaTeX not detected.
)
\stockheight=\skip44
\stockwidth=\skip45
\trimtop=\skip46
\trimedge=\skip47

("C:\Users\andre\AppData\Local\Programs\MiKTeX 2.9\tex\latex\memoir\mem12.clo"
File: mem12.clo 2010/10/19 v0.4b memoir class 12pt size option
)
\binding=\skip48
\spinemargin=\skip49
\foremargin=\skip50
\uppermargin=\skip51
\lowermargin=\skip52
\headdrop=\skip53
\normalrulethickness=\skip54
\mem@maxheadheight=\skip55
\mem@maxfootheight=\skip56
\headwidth=\skip57
\c@storedpagenumber=\count82
\memPD=\dimen102
\m@mabparskip=\skip58
\thanksmarkwidth=\skip59
\thanksmarksep=\skip60
\droptitle=\skip61
\c@book=\count83
\c@part=\count84
\c@chapter=\count85
\c@section=\count86
\c@subsection=\count87
\c@subsubsection=\count88
\c@paragraph=\count89
\c@subparagraph=\count90
\beforechapskip=\skip62
\midchapskip=\skip63
\afterchapskip=\skip64
\chapindent=\skip65
\bottomsectionskip=\skip66
\secindent=\skip67
\beforesecskip=\skip68
\aftersecskip=\skip69
\subsecindent=\skip70
\beforesubsecskip=\skip71
\aftersubsecskip=\skip72
\subsubsecindent=\skip73
\beforesubsubsecskip=\skip74
\aftersubsubsecskip=\skip75
\paraindent=\skip76
\beforeparaskip=\skip77
\afterparaskip=\skip78
\subparaindent=\skip79
\beforesubparaskip=\skip80
\aftersubparaskip=\skip81
\pfbreakskip=\skip82
\c@@ppsavesec=\count91
\c@@ppsaveapp=\count92
\ragrparindent=\dimen103
\everylistparindent=\dimen104
\parsepi=\skip83
\topsepi=\skip84
\itemsepi=\skip85
\parsepii=\skip86
\topsepii=\skip87
\topsepiii=\skip88
\itemsepii=\skip89
\itemsepiii=\skip90
\partopsepii=\skip91
\partopsepiii=\skip92
\m@msavetopsep=\skip93
\m@msavepartopsep=\skip94
\@enLab=\toks14
\abstitleskip=\skip95
\absleftindent=\skip96
\abs@leftindent=\dimen105
\absrightindent=\skip97
\absparindent=\skip98
\absparsep=\skip99
\c@vslineno=\count93
\c@poemline=\count94
\c@modulo@vs=\count95
\c@memfvsline=\count96
\vleftskip=\skip100
\vrightskip=\skip101
\stanzaskip=\skip102
\versewidth=\skip103
\vgap=\skip104
\vindent=\skip105
\vleftmargin=\dimen106
\c@verse=\count97
\c@chrsinstr=\count98
\beforepoemtitleskip=\skip106
\afterpoemtitleskip=\skip107
\c@poem=\count99
\beforePoemTitleskip=\skip108
\midPoemTitleskip=\skip109
\afterPoemTitleskip=\skip110
\col@sep=\dimen107
\extrarowheight=\dimen108
\NC@list=\toks15
\extratabsurround=\skip111
\backup@length=\skip112
\TX@col@width=\dimen109
\TX@old@table=\dimen110
\TX@old@col=\dimen111
\TX@target=\dimen112
\TX@delta=\dimen113
\TX@cols=\count100
\TX@ftn=\toks16
\heavyrulewidth=\dimen114
\lightrulewidth=\dimen115
\cmidrulewidth=\dimen116
\belowrulesep=\dimen117
\belowbottomsep=\dimen118
\aboverulesep=\dimen119
\abovetopsep=\dimen120
\cmidrulesep=\dimen121
\cmidrulekern=\dimen122
\defaultaddspace=\dimen123
\@cmidla=\count101
\@cmidlb=\count102
\@aboverulesep=\dimen124
\@belowrulesep=\dimen125
\@thisruleclass=\count103
\@lastruleclass=\count104
\@thisrulewidth=\dimen126
\ctableftskip=\skip113
\ctabrightskip=\skip114
\abovecolumnspenalty=\count105
\@linestogo=\count106
\@cellstogo=\count107
\@cellsincolumn=\count108
\crtok=\toks17
\@mincolumnwidth=\dimen127
\c@newflo@tctr=\count109
\mem@margin@floatbox=\box26
\@contcwidth=\skip115
\@contindw=\skip116
\abovecaptionskip=\skip117
\belowcaptionskip=\skip118
\subfloattopskip=\skip119
\subfloatcapskip=\skip120
\subfloatcaptopadj=\skip121
\subfloatbottomskip=\skip122
\subfloatlabelskip=\skip123
\subfloatcapmargin=\dimen128
\c@@contsubnum=\count110
\m@mscap@capbox=\box27
\m@mscap@fbox=\box28
\sidecapsep=\dimen129
\sidecapwidth=\dimen130
\m@m@tempdima=\dimen131
\m@mscapraise=\dimen132
\sidecapraise=\dimen133
\m@mscapmainwidth=\dimen134
\m@mscaplkern=\dimen135
\beforeepigraphskip=\skip124
\afterepigraphskip=\skip125
\epigraphwidth=\skip126
\epigraphrule=\skip127
LaTeX Info: Redefining \em on input line 7578.
LaTeX Info: Redefining \emph on input line 7586.
\tocentryskip=\skip128
\tocbaseline=\skip129
\cftparskip=\skip130
\cftbeforebookskip=\skip131
\cftbookindent=\dimen136
\cftbooknumwidth=\dimen137
\cftbeforepartskip=\skip132
\cftpartindent=\skip133
\cftpartnumwidth=\skip134
\cftbeforechapterskip=\skip135
\cftchapterindent=\skip136
\cftchapternumwidth=\skip137
\cftbeforesectionskip=\skip138
\cftsectionindent=\skip139
\cftsectionnumwidth=\skip140
\cftbeforesubsectionskip=\skip141
\cftsubsectionindent=\skip142
\cftsubsectionnumwidth=\skip143
\cftbeforesubsubsectionskip=\skip144
\cftsubsubsectionindent=\skip145
\cftsubsubsectionnumwidth=\skip146
\cftbeforeparagraphskip=\skip147
\cftparagraphindent=\skip148
\cftparagraphnumwidth=\skip149
\cftbeforesubparagraphskip=\skip150
\cftsubparagraphindent=\skip151
\cftsubparagraphnumwidth=\skip152
\prechapterprecisshift=\dimen138
\c@maxsecnumdepth=\count111
\bibindent=\dimen139
\bibitemsep=\skip153
\indexcolsep=\skip154
\indexrule=\skip155
\indexmarkstyle=\toks18
\@indexbox=\insert199
\glossarycolsep=\dimen140
\glossaryrule=\dimen141
\sideparvshift=\skip156
\sideins=\insert198
\sidebartopsep=\skip157
\sidebarhsep=\skip158
\sidebarvsep=\skip159
\sidebarwidth=\skip160
\footmarkwidth=\skip161
\footmarksep=\skip162
\footparindent=\skip163
\footinsdim=\skip164
\footinsv@r=\insert197
\@mpfootinsv@r=\insert196
\m@m@k=\count112
\m@m@h=\dimen142
\m@mipn@skip=\skip165
\sidefootins=\insert195
\sidefootadjust=\skip166
\sidefootheight=\skip167
\sidefoothsep=\skip168
\sidefootvsep=\skip169
\sidefootwidth=\skip170
\m@mdownsf=\skip171
\c@sidefootnote=\count113
\sidefootmarkwidth=\skip172
\sidefootmarksep=\skip173
\sidefootparindent=\skip174
\c@pagenote=\count114
\c@pagenoteshadow=\count115
\mem@pn@lastkern=\skip175
\every@verbatim=\toks19
\afterevery@verbatim=\toks20
\verbatim@line=\toks21
\tab@position=\count116
\verbatim@in@stream=\read1
\verbatimindent=\skip176
\verbatim@out=\write3
\bvboxsep=\skip177
\c@memfbvline=\count117
\c@bvlinectr=\count118
\bvnumlength=\skip178
\fb@frw=\dimen143
\fb@frh=\dimen144
\FrameRule=\dimen145
\FrameSep=\dimen146
\c@cp@cntr=\count119
LaTeX Info: Redefining \: on input line 12100.
LaTeX Info: Redefining \! on input line 12102.
\c@ism@mctr=\count120
\c@xsm@mctr=\count121
\c@csm@mctr=\count122
\c@ksm@mctr=\count123
\c@xksm@mctr=\count124
\c@cksm@mctr=\count125
\c@msm@mctr=\count126
\c@xmsm@mctr=\count127
\c@cmsm@mctr=\count128
\c@bsm@mctr=\count129
\c@workm@mctr=\count130
\c@sheetsequence=\count131
\c@lastsheet=\count132
\c@lastpage=\count133
\c@figure=\count134
\c@lofdepth=\count135
\cftbeforefigureskip=\skip179
\cftfigureindent=\skip180
\cftfigurenumwidth=\skip181
\c@table=\count136
\c@lotdepth=\count137
\cftbeforetableskip=\skip182
\cfttableindent=\skip183
\cfttablenumwidth=\skip184
Package abstract [2008/07/23] emulated by memoir.
Package appendix [2008/07/23] emulated by memoir.
Package array [2016/10/06] emulated by memoir.
Package booktabs [2016/05/16] emulated by memoir.
Package ccaption [2008/07/23] emulated by memoir.
Package changepage [2008/07/23] emulated by memoir.
Package chngcntr [2008/07/23] emulated by memoir.
Package chngpage [2008/07/23] emulated by memoir.
Package crop emulated by memoir.
Package dcolumn [2008/07/23] emulated by memoir.
Package delarray [2014/10/28] emulated by memoir.
Package enumerate [2008/07/23] emulated by memoir.
Package epigraph [2008/07/23] emulated by memoir.
Package ifmtarg [2008/07/23] emulated by memoir.
Package index [2008/07/23] emulated by memoir.
Package makeidx [2008/07/23] emulated by memoir.
Package moreverb [2008/07/23] emulated by memoir.
Package mparhack [2008/07/23] emulated by memoir.
Package needspace [2008/07/23] emulated by memoir.
Package newfile [2008/07/23] emulated by memoir.
Package nextpage [2008/07/23] emulated by memoir.
Package pagenote [2008/07/23] emulated by memoir.
Package parskip [2008/07/23] emulated by memoir.
Package patchcmd [2008/07/23] emulated by memoir.
Package setspace [2008/07/23] emulated by memoir.
Package shortvrb [2008/07/23] emulated by memoir.
Package showidx [2008/07/23] emulated by memoir.
Package tabularx [2016/02/03] emulated by memoir.
Package titleref [2008/07/23] emulated by memoir.
Package titling [2008/07/23] emulated by memoir.
Package tocbibind [2008/07/23] emulated by memoir.
Package tocloft [2008/07/23] emulated by memoir.
Package tocvsec2 [2008/07/23] emulated by memoir.
Package verbatim [2008/07/23] emulated by memoir.
Package verse [2008/07/23] emulated by memoir.
)
("C:\Users\andre\AppData\Local\Programs\MiKTeX 2.9\tex\latex\textcase\textcase.
sty"
Package: textcase 2004/10/07 v0.07 Text only upper/lower case changing (DPC)
LaTeX Info: Redefining \MakeTextUppercase on input line 47.
LaTeX Info: Redefining \MakeTextLowercase on input line 50.
)
("C:\Users\andre\AppData\Local\Programs\MiKTeX 2.9\tex\latex\hyperref\hyperref.
sty"
Package: hyperref 2018/11/30 v6.88e Hypertext links for LaTeX

("C:\Users\andre\AppData\Local\Programs\MiKTeX 2.9\tex\generic\oberdiek\hobsub-
hyperref.sty"
Package: hobsub-hyperref 2016/05/16 v1.14 Bundle oberdiek, subset hyperref (HO)


("C:\Users\andre\AppData\Local\Programs\MiKTeX 2.9\tex\generic\oberdiek\hobsub-
generic.sty"
Package: hobsub-generic 2016/05/16 v1.14 Bundle oberdiek, subset generic (HO)
Package: hobsub 2016/05/16 v1.14 Construct package bundles (HO)
Package: infwarerr 2016/05/16 v1.4 Providing info/warning/error messages (HO)
Package: ltxcmds 2016/05/16 v1.23 LaTeX kernel commands for general use (HO)
Package hobsub Info: Skipping package `ifluatex' (already loaded).
Package: ifvtex 2016/05/16 v1.6 Detect VTeX and its facilities (HO)
Package ifvtex Info: VTeX not detected.
Package: intcalc 2016/05/16 v1.2 Expandable calculations with integers (HO)
Package hobsub Info: Skipping package `ifpdf' (already loaded).
Package: etexcmds 2016/05/16 v1.6 Avoid name clashes with e-TeX commands (HO)
Package: kvsetkeys 2016/05/16 v1.17 Key value parser (HO)
Package: kvdefinekeys 2016/05/16 v1.4 Define keys (HO)
Package: pdftexcmds 2018/09/10 v0.29 Utility functions of pdfTeX for LuaTeX (HO
)
Package pdftexcmds Info: LuaTeX not detected.
Package pdftexcmds Info: \pdf@primitive is available.
Package pdftexcmds Info: \pdf@ifprimitive is available.
Package pdftexcmds Info: \pdfdraftmode found.
Package: pdfescape 2016/05/16 v1.14 Implements pdfTeX's escape features (HO)
Package: bigintcalc 2016/05/16 v1.4 Expandable calculations on big integers (HO
)
Package: bitset 2016/05/16 v1.2 Handle bit-vector datatype (HO)
Package: uniquecounter 2016/05/16 v1.3 Provide unlimited unique counter (HO)
)
Package hobsub Info: Skipping package `hobsub' (already loaded).
Package: letltxmacro 2016/05/16 v1.5 Let assignment for LaTeX macros (HO)
Package: hopatch 2016/05/16 v1.3 Wrapper for package hooks (HO)
Package: xcolor-patch 2016/05/16 xcolor patch
Package: atveryend 2016/05/16 v1.9 Hooks at the very end of document (HO)
Package atveryend Info: \enddocument detected (standard20110627).
Package: atbegshi 2016/06/09 v1.18 At begin shipout hook (HO)
Package: refcount 2016/05/16 v3.5 Data extraction from label references (HO)
Package: hycolor 2016/05/16 v1.8 Color options for hyperref/bookmark (HO)
)
("C:\Users\andre\AppData\Local\Programs\MiKTeX 2.9\tex\latex\graphics\keyval.st
y"
Package: keyval 2014/10/28 v1.15 key=value parser (DPC)
\KV@toks@=\toks22
)
("C:\Users\andre\AppData\Local\Programs\MiKTeX 2.9\tex\latex\oberdiek\auxhook.s
ty"
Package: auxhook 2016/05/16 v1.4 Hooks for auxiliary files (HO)
)
("C:\Users\andre\AppData\Local\Programs\MiKTeX 2.9\tex\latex\oberdiek\kvoptions
.sty"
Package: kvoptions 2016/05/16 v3.12 Key value format for package options (HO)
)
\@linkdim=\dimen147
\Hy@linkcounter=\count138
\Hy@pagecounter=\count139

("C:\Users\andre\AppData\Local\Programs\MiKTeX 2.9\tex\latex\hyperref\pd1enc.de
f"
File: pd1enc.def 2018/11/30 v6.88e Hyperref: PDFDocEncoding definition (HO)
Now handling font encoding PD1 ...
... no UTF-8 mapping file for font encoding PD1
)
\Hy@SavedSpaceFactor=\count140

("C:\Users\andre\AppData\Local\Programs\MiKTeX 2.9\tex\latex\00miktex\hyperref.
cfg"
File: hyperref.cfg 2002/06/06 v1.2 hyperref configuration of TeXLive
)
Package hyperref Info: Hyper figures OFF on input line 4519.
Package hyperref Info: Link nesting OFF on input line 4524.
Package hyperref Info: Hyper index ON on input line 4527.
Package hyperref Info: Plain pages OFF on input line 4534.
Package hyperref Info: Backreferencing OFF on input line 4539.
Package hyperref Info: Implicit mode ON; LaTeX internals redefined.
Package hyperref Info: Bookmarks ON on input line 4772.
\c@Hy@tempcnt=\count141
 ("C:\Users\andre\AppData\Local\Programs\MiKTeX 2.9\tex\latex\url\url.sty"
\Urlmuskip=\muskip10
Package: url 2013/09/16  ver 3.4  Verb mode for urls, etc.
)
LaTeX Info: Redefining \url on input line 5125.
\XeTeXLinkMargin=\dimen148
\Fld@menulength=\count142
\Field@Width=\dimen149
\Fld@charsize=\dimen150
Package hyperref Info: Hyper figures OFF on input line 6380.
Package hyperref Info: Link nesting OFF on input line 6385.
Package hyperref Info: Hyper index ON on input line 6388.
Package hyperref Info: backreferencing OFF on input line 6395.
Package hyperref Info: Link coloring OFF on input line 6400.
Package hyperref Info: Link coloring with OCG OFF on input line 6405.
Package hyperref Info: PDF/A mode OFF on input line 6410.
LaTeX Info: Redefining \ref on input line 6450.
LaTeX Info: Redefining \pageref on input line 6454.
\Hy@abspage=\count143
\c@Item=\count144
\c@Hfootnote=\count145
)
("C:\Users\andre\AppData\Local\Programs\MiKTeX 2.9\tex\latex\memoir\memhfixc.st
y"
Package: memhfixc 2013/05/30 v1.17 nameref/hyperref package fixes for memoir cl
ass
\c@memhycontfloat=\count146
\c@Hpagenote=\count147
)
Package hyperref Info: Driver (autodetected): hpdftex.

("C:\Users\andre\AppData\Local\Programs\MiKTeX 2.9\tex\latex\hyperref\hpdftex.d
ef"
File: hpdftex.def 2018/11/30 v6.88e Hyperref driver for pdfTeX
\Fld@listcount=\count148
\c@bookmark@seq@number=\count149

("C:\Users\andre\AppData\Local\Programs\MiKTeX 2.9\tex\latex\oberdiek\rerunfile
check.sty"
Package: rerunfilecheck 2016/05/16 v1.8 Rerun checks for auxiliary files (HO)
Package uniquecounter Info: New unique counter `rerunfilecheck' on input line 2
82.
)
\Hy@SectionHShift=\skip185
)
("C:\Users\andre\AppData\Local\Programs\MiKTeX 2.9\tex\latex\oberdiek\bookmark.
sty"
Package: bookmark 2016/05/17 v1.26 PDF bookmarks (HO)

("C:\Users\andre\AppData\Local\Programs\MiKTeX 2.9\tex\latex\oberdiek\bkm-pdfte
x.def"
File: bkm-pdftex.def 2016/05/17 v1.26 bookmark driver for pdfTeX (HO)
\BKM@id=\count150
))
("C:\Users\andre\AppData\Local\Programs\MiKTeX 2.9\tex\generic\babel\babel.sty"
Package: babel 2018/11/13 3.27 The Babel package
("C:\Users\andre\AppData\Local\Programs\MiKTeX 2.9\tex\generic\babel\switch.def
"
File: switch.def 2018/11/13 3.27 Babel switching mechanism
)
*************************************
* Local config file bblopts.cfg used
*
("C:\Users\andre\AppData\Local\Programs\MiKTeX 2.9\tex\latex\arabi\bblopts.cfg"
File: bblopts.cfg 2005/09/08 v0.1 add Arabic and Farsi to "declared" options of
 babel
)
("C:\Users\andre\AppData\Local\Programs\MiKTeX 2.9\tex\latex\babel-english\engl
ish.ldf"
Language: english 2017/06/06 v3.3r English support from the babel system

("C:\Users\andre\AppData\Local\Programs\MiKTeX 2.9\tex\generic\babel\babel.def"
File: babel.def 2018/11/13 3.27 Babel common definitions
\babel@savecnt=\count151
\U@D=\dimen151

("C:\Users\andre\AppData\Local\Programs\MiKTeX 2.9\tex\generic\babel\txtbabel.d
ef")
\bbl@dirlevel=\count152
)
\l@canadian = a dialect from \language\l@american 
\l@australian = a dialect from \language\l@british 
\l@newzealand = a dialect from \language\l@british 
)
("C:\Users\andre\AppData\Local\Programs\MiKTeX 2.9\tex\generic\babel-french\fre
nch.ldf"
Language: french 2018/09/14 v3.5c French support from the babel system
\l@acadian = a dialect from \language\l@french 
\FB@nonchar=\count153
Package babel Info: Making : an active character on input line 414.
Package babel Info: Making ; an active character on input line 415.
Package babel Info: Making ! an active character on input line 416.
Package babel Info: Making ? an active character on input line 417.
\FBguill@level=\count154
\FBold@everypar=\toks23
\FB@Mht=\dimen152
\mc@charclass=\count155
\mc@charfam=\count156
\mc@charslot=\count157
\std@mcc=\count158
\dec@mcc=\count159
\c@FBcaption@count=\count160
\listindentFB=\dimen153
\descindentFB=\dimen154
\labelindentFB=\dimen155
\labelwidthFB=\dimen156
\leftmarginFB=\dimen157
\parindentFFN=\dimen158
\FBfnindent=\dimen159
)
("C:\Users\andre\AppData\Local\Programs\MiKTeX 2.9\tex\latex\babel-spanish\span
ish.ldf"
Language: spanish.ldf 2016/03/03 v5.0p Spanish support from the babel system
\es@quottoks=\toks24
\es@quotdepth=\count161
Package babel Info: Making " an active character on input line 561.
Package babel Info: Making . an active character on input line 662.
Package babel Info: Making < an active character on input line 707.
Package babel Info: Making > an active character on input line 707.
)
("C:\Users\andre\AppData\Local\Programs\MiKTeX 2.9\tex\latex\babel-portuges\por
tuges.ldf"
Language: portuges 2008/03/18 v1.2q Portuguese support from the babel system
\l@brazil = a dialect from \language\l@portuges 
))
("C:\Users\andre\AppData\Local\Programs\MiKTeX 2.9\tex\latex\carlisle\scalefnt.
sty")
("C:\Users\andre\AppData\Local\Programs\MiKTeX 2.9\tex\latex\enumitem\enumitem.
sty"
Package: enumitem 2018/11/30 v3.6 Customized lists
\labelindent=\skip186
\enit@outerparindent=\dimen160
\enit@toks=\toks25
\enit@inbox=\box29
\enitdp@description=\count162
)
("C:\Users\andre\AppData\Local\Programs\MiKTeX 2.9\tex\latex\tools\calc.sty"
Package: calc 2017/05/25 v4.3 Infix arithmetic (KKT,FJ)
\calc@Acount=\count163
\calc@Bcount=\count164
\calc@Adimen=\dimen161
\calc@Bdimen=\dimen162
\calc@Askip=\skip187
\calc@Bskip=\skip188
LaTeX Info: Redefining \setlength on input line 80.
LaTeX Info: Redefining \addtolength on input line 81.
\calc@Ccount=\count165
\calc@Cskip=\skip189
)

******************************************************
Stock height and width: 845.04684pt by 597.50787pt
Top and edge trims: 0pt and 0pt
Page height and width: 845.04684pt by 597.50787pt
Text height and width: 708pt by 455pt
Spine and edge margins: 85.35826pt and 56.9055pt
Upper and lower margins: 85.35826pt and 51.68858pt
Headheight and headsep: 14.5pt and 19.8738pt
Footskip: 30pt
Columnsep and columnseprule: 10pt and 0pt
Marginparsep and marginparwidth: 7pt and 42.9055pt
Sidecapsep and sidecapwidth: 7pt and 92pt
Sidebarhsep and sidebarwidth: 7pt and 92pt
Sidebarvsep and sidebartopsep: 14.5pt and 0pt
Sidebarheight: 590.14995pt
Sidefoothsep and sidefootwidth: 7pt and 92pt
Sidefootvsep and sidefootheight: 14.5pt and 590.14995pt
******************************************************

\c@abntex@bookmarkcounter=\count166
\cftlastnumwidth=\skip190
\chapternamenumlength=\skip191
\ABNTEXcitacaorecuo=\skip192
\c@alineasi=\count167
\c@alineasii=\count168
\enitdp@alineas=\count169
\c@subalineasi=\count170
\enitdp@subalineas=\count171
\c@incisosi=\count172
\enitdp@incisos=\count173
\ABNTEXsignwidth=\skip193
\ABNTEXsignthickness=\skip194
\ABNTEXsignskip=\skip256
) ("C:\Users\andre\AppData\Local\Programs\MiKTeX 2.9\tex\latex\cmap\cmap.sty"
Package: cmap 2008/03/06 v1.0h CMap support: searchable PDF
)
("C:\Users\andre\AppData\Local\Programs\MiKTeX 2.9\tex\latex\lm\lmodern.sty"
Package: lmodern 2009/10/30 v1.6 Latin Modern Fonts
LaTeX Font Info:    Overwriting symbol font `operators' in version `normal'
(Font)                  OT1/cmr/m/n --> OT1/lmr/m/n on input line 22.
LaTeX Font Info:    Overwriting symbol font `letters' in version `normal'
(Font)                  OML/cmm/m/it --> OML/lmm/m/it on input line 23.
LaTeX Font Info:    Overwriting symbol font `symbols' in version `normal'
(Font)                  OMS/cmsy/m/n --> OMS/lmsy/m/n on input line 24.
LaTeX Font Info:    Overwriting symbol font `largesymbols' in version `normal'
(Font)                  OMX/cmex/m/n --> OMX/lmex/m/n on input line 25.
LaTeX Font Info:    Overwriting symbol font `operators' in version `bold'
(Font)                  OT1/cmr/bx/n --> OT1/lmr/bx/n on input line 26.
LaTeX Font Info:    Overwriting symbol font `letters' in version `bold'
(Font)                  OML/cmm/b/it --> OML/lmm/b/it on input line 27.
LaTeX Font Info:    Overwriting symbol font `symbols' in version `bold'
(Font)                  OMS/cmsy/b/n --> OMS/lmsy/b/n on input line 28.
LaTeX Font Info:    Overwriting symbol font `largesymbols' in version `bold'
(Font)                  OMX/cmex/m/n --> OMX/lmex/m/n on input line 29.
LaTeX Font Info:    Overwriting math alphabet `\mathbf' in version `normal'
(Font)                  OT1/cmr/bx/n --> OT1/lmr/bx/n on input line 31.
LaTeX Font Info:    Overwriting math alphabet `\mathsf' in version `normal'
(Font)                  OT1/cmss/m/n --> OT1/lmss/m/n on input line 32.
LaTeX Font Info:    Overwriting math alphabet `\mathit' in version `normal'
(Font)                  OT1/cmr/m/it --> OT1/lmr/m/it on input line 33.
LaTeX Font Info:    Overwriting math alphabet `\mathtt' in version `normal'
(Font)                  OT1/cmtt/m/n --> OT1/lmtt/m/n on input line 34.
LaTeX Font Info:    Overwriting math alphabet `\mathbf' in version `bold'
(Font)                  OT1/cmr/bx/n --> OT1/lmr/bx/n on input line 35.
LaTeX Font Info:    Overwriting math alphabet `\mathsf' in version `bold'
(Font)                  OT1/cmss/bx/n --> OT1/lmss/bx/n on input line 36.
LaTeX Font Info:    Overwriting math alphabet `\mathit' in version `bold'
(Font)                  OT1/cmr/bx/it --> OT1/lmr/bx/it on input line 37.
LaTeX Font Info:    Overwriting math alphabet `\mathtt' in version `bold'
(Font)                  OT1/cmtt/m/n --> OT1/lmtt/m/n on input line 38.
)
("C:\Users\andre\AppData\Local\Programs\MiKTeX 2.9\tex\latex\base\fontenc.sty"
Package: fontenc 2017/04/05 v2.0i Standard LaTeX package

("C:\Users\andre\AppData\Local\Programs\MiKTeX 2.9\tex\latex\base\t1enc.def"
File: t1enc.def 2017/04/05 v2.0i Standard LaTeX file
LaTeX Font Info:    Redeclaring font encoding T1 on input line 48.
)<<t1.cmap>>)
("C:\Users\andre\AppData\Local\Programs\MiKTeX 2.9\tex\latex\base\inputenc.sty"
Package: inputenc 2018/04/06 v1.3b Input encoding file
\inpenc@prehook=\toks26
\inpenc@posthook=\toks27
)
("C:\Users\andre\AppData\Local\Programs\MiKTeX 2.9\tex\latex\lastpage\lastpage.
sty"
Package: lastpage 2015/03/29 v1.2m Refers to last page's name (HMM; JPG)
)
("C:\Users\andre\AppData\Local\Programs\MiKTeX 2.9\tex\latex\tools\indentfirst.
sty"
Package: indentfirst 1995/11/23 v1.03 Indent first paragraph (DPC)
)
("C:\Users\andre\AppData\Local\Programs\MiKTeX 2.9\tex\latex\graphics\color.sty
"
Package: color 2016/07/10 v1.1e Standard LaTeX Color (DPC)

("C:\Users\andre\AppData\Local\Programs\MiKTeX 2.9\tex\latex\graphics-cfg\color
.cfg"
File: color.cfg 2016/01/02 v1.6 sample color configuration
)
Package color Info: Driver file: pdftex.def on input line 147.

("C:\Users\andre\AppData\Local\Programs\MiKTeX 2.9\tex\latex\graphics-def\pdfte
x.def"
File: pdftex.def 2018/01/08 v1.0l Graphics/color driver for pdftex
))
("C:\Users\andre\AppData\Local\Programs\MiKTeX 2.9\tex\latex\graphics\graphicx.
sty"
Package: graphicx 2017/06/01 v1.1a Enhanced LaTeX Graphics (DPC,SPQR)

("C:\Users\andre\AppData\Local\Programs\MiKTeX 2.9\tex\latex\graphics\graphics.
sty"
Package: graphics 2017/06/25 v1.2c Standard LaTeX Graphics (DPC,SPQR)

("C:\Users\andre\AppData\Local\Programs\MiKTeX 2.9\tex\latex\graphics\trig.sty"
Package: trig 2016/01/03 v1.10 sin cos tan (DPC)
)
("C:\Users\andre\AppData\Local\Programs\MiKTeX 2.9\tex\latex\graphics-cfg\graph
ics.cfg"
File: graphics.cfg 2016/06/04 v1.11 sample graphics configuration
)
Package graphics Info: Driver file: pdftex.def on input line 99.
)
\Gin@req@height=\dimen163
\Gin@req@width=\dimen164
)
("C:\Users\andre\AppData\Local\Programs\MiKTeX 2.9\tex\latex\units\units.sty"
Package: units 1998/08/04 v0.9b Typesetting units

("C:\Users\andre\AppData\Local\Programs\MiKTeX 2.9\tex\latex\units\nicefrac.sty
"
Package: nicefrac 1998/08/04 v0.9b Nice fractions
\L@UnitsRaiseDisplaystyle=\skip257
\L@UnitsRaiseTextstyle=\skip258
\L@UnitsRaiseScriptstyle=\skip259
))
("C:\Users\andre\AppData\Local\Programs\MiKTeX 2.9\tex\latex\hyperref\backref.s
ty"
Package: backref 2016/05/21 v1.39 Bibliographical back referencing
)
("C:\Users\andre\AppData\Local\Programs\MiKTeX 2.9\tex\latex\abntex2\abntex2cit
e.sty"
Package: abntex2cite 2018/11/24 v-1.9.7 abnTeX2

("C:\Users\andre\AppData\Local\Programs\MiKTeX 2.9\tex\latex\abntex2\abntex2abr
ev.sty")
\minimumbiblabelwidth=\skip260
\ABCIauxlen=\skip261
\c@ABCIaux=\count174
\c@ABCImax=\count175

("C:\Users\andre\AppData\Local\Programs\MiKTeX 2.9\tex\latex\relsize\relsize.st
y"
Package: relsize 2013/03/29 ver 4.1
)
\biblabelsep=\skip262
LaTeX Info: Redefining \newblock on input line 591.
LaTeX Info: Redefining \cite on input line 618.
\ABCItoken=\toks28
)
("C:\Users\andre\AppData\Local\Programs\MiKTeX 2.9\tex\latex\bold-extra\bold-ex
tra.sty"
Package: bold-extra 2001/11/13 v0.1 Use fonts from cm/mf-extra/bold
)
("C:\Users\andre\AppData\Local\Programs\MiKTeX 2.9\tex\latex\eso-pic\eso-pic.st
y"
Package: eso-pic 2018/04/12 v2.0h eso-pic (RN)
) ("C:\Users\andre\AppData\Local\Programs\MiKTeX 2.9\tex\latex\float\float.sty"
Package: float 2001/11/08 v1.3d Float enhancements (AL)
\c@float@type=\count176
\float@exts=\toks29
\float@box=\box30
\@float@everytoks=\toks30
\@floatcapt=\box31
)
("C:\Users\andre\AppData\Local\Programs\MiKTeX 2.9\tex\latex\graphics\lscape.st
y"
Package: lscape 2000/10/22 v3.01 Landscape Pages (DPC)
)
("C:\Users\andre\AppData\Local\Programs\MiKTeX 2.9\tex\latex\graphics\rotating.
sty"
Package: rotating 2016/08/11 v2.16d rotated objects in LaTeX
\c@r@tfl@t=\count177
\rotFPtop=\skip263
\rotFPbot=\skip264
\rot@float@box=\box32
\rot@mess@toks=\toks31
)
("C:\Users\andre\AppData\Local\Programs\MiKTeX 2.9\tex\latex\xargs\xargs.sty"
Package: xargs 2008/03/22 v1.1  extended macro definitions  (mpg)

("C:\Users\andre\AppData\Local\Programs\MiKTeX 2.9\tex\latex\xkeyval\xkeyval.st
y"
Package: xkeyval 2014/12/03 v2.7a package option processing (HA)

("C:\Users\andre\AppData\Local\Programs\MiKTeX 2.9\tex\generic\xkeyval\xkeyval.
tex"
("C:\Users\andre\AppData\Local\Programs\MiKTeX 2.9\tex\generic\xkeyval\xkvutils
.tex"
\XKV@toks=\toks32
\XKV@tempa@toks=\toks33
)
\XKV@depth=\count178
File: xkeyval.tex 2014/12/03 v2.7a key=value parser (HA)
))
\xargs@max=\count179
\xargs@toksa=\toks34
\xargs@toksb=\toks35
)
("C:\Users\andre\AppData\Local\Programs\MiKTeX 2.9\tex\latex\xcolor\xcolor.sty"
Package: xcolor 2016/05/11 v2.12 LaTeX color extensions (UK)

("C:\Users\andre\AppData\Local\Programs\MiKTeX 2.9\tex\latex\graphics-cfg\color
.cfg"
File: color.cfg 2016/01/02 v1.6 sample color configuration
)
Package xcolor Info: Driver file: pdftex.def on input line 225.
LaTeX Info: Redefining \color on input line 709.
Package xcolor Info: Model `cmy' substituted by `cmy0' on input line 1348.
Package xcolor Info: Model `hsb' substituted by `rgb' on input line 1352.
Package xcolor Info: Model `RGB' extended on input line 1364.
Package xcolor Info: Model `HTML' substituted by `rgb' on input line 1366.
Package xcolor Info: Model `Hsb' substituted by `hsb' on input line 1367.
Package xcolor Info: Model `tHsb' substituted by `hsb' on input line 1368.
Package xcolor Info: Model `HSB' substituted by `hsb' on input line 1369.
Package xcolor Info: Model `Gray' substituted by `gray' on input line 1370.
Package xcolor Info: Model `wave' substituted by `hsb' on input line 1371.
)
("C:\Users\andre\AppData\Local\Programs\MiKTeX 2.9\tex\latex\todonotes\todonote
s.sty"
Package: todonotes 2018/11/22 v1.1.1 Todonotes source and documentation.
Package: todonotes 2018/11/22

("C:\Users\andre\AppData\Local\Programs\MiKTeX 2.9\tex\latex\pgf\frontendlayer\
tikz.sty"
("C:\Users\andre\AppData\Local\Programs\MiKTeX 2.9\tex\latex\pgf\basiclayer\pgf
.sty"
("C:\Users\andre\AppData\Local\Programs\MiKTeX 2.9\tex\latex\pgf\utilities\pgfr
cs.sty"
("C:\Users\andre\AppData\Local\Programs\MiKTeX 2.9\tex\generic\pgf\utilities\pg
futil-common.tex"
\pgfutil@everybye=\toks36
\pgfutil@tempdima=\dimen165
\pgfutil@tempdimb=\dimen166

("C:\Users\andre\AppData\Local\Programs\MiKTeX 2.9\tex\generic\pgf\utilities\pg
futil-common-lists.tex"))
("C:\Users\andre\AppData\Local\Programs\MiKTeX 2.9\tex\generic\pgf\utilities\pg
futil-latex.def"
\pgfutil@abb=\box33

("C:\Users\andre\AppData\Local\Programs\MiKTeX 2.9\tex\latex\ms\everyshi.sty"
Package: everyshi 2001/05/15 v3.00 EveryShipout Package (MS)
))
("C:\Users\andre\AppData\Local\Programs\MiKTeX 2.9\tex\generic\pgf\utilities\pg
frcs.code.tex"
Package: pgfrcs 2015/08/07 v3.0.1a (rcs-revision 1.31)
))
Package: pgf 2015/08/07 v3.0.1a (rcs-revision 1.15)

("C:\Users\andre\AppData\Local\Programs\MiKTeX 2.9\tex\latex\pgf\basiclayer\pgf
core.sty"
("C:\Users\andre\AppData\Local\Programs\MiKTeX 2.9\tex\latex\pgf\systemlayer\pg
fsys.sty"
("C:\Users\andre\AppData\Local\Programs\MiKTeX 2.9\tex\generic\pgf\systemlayer\
pgfsys.code.tex"
Package: pgfsys 2014/07/09 v3.0.1a (rcs-revision 1.48)

("C:\Users\andre\AppData\Local\Programs\MiKTeX 2.9\tex\generic\pgf\utilities\pg
fkeys.code.tex"
\pgfkeys@pathtoks=\toks37
\pgfkeys@temptoks=\toks38

("C:\Users\andre\AppData\Local\Programs\MiKTeX 2.9\tex\generic\pgf\utilities\pg
fkeysfiltered.code.tex"
\pgfkeys@tmptoks=\toks39
))
\pgf@x=\dimen167
\pgf@y=\dimen168
\pgf@xa=\dimen169
\pgf@ya=\dimen170
\pgf@xb=\dimen171
\pgf@yb=\dimen172
\pgf@xc=\dimen173
\pgf@yc=\dimen174
\w@pgf@writea=\write4
\r@pgf@reada=\read2
\c@pgf@counta=\count180
\c@pgf@countb=\count181
\c@pgf@countc=\count182
\c@pgf@countd=\count183
\t@pgf@toka=\toks40
\t@pgf@tokb=\toks41
\t@pgf@tokc=\toks42

("C:\Users\andre\AppData\Local\Programs\MiKTeX 2.9\tex\generic\pgf\systemlayer\
pgf.cfg"
File: pgf.cfg 2008/05/14  (rcs-revision 1.7)
)
Driver file for pgf: pgfsys-pdftex.def

("C:\Users\andre\AppData\Local\Programs\MiKTeX 2.9\tex\generic\pgf\systemlayer\
pgfsys-pdftex.def"
File: pgfsys-pdftex.def 2014/10/11  (rcs-revision 1.35)

("C:\Users\andre\AppData\Local\Programs\MiKTeX 2.9\tex\generic\pgf\systemlayer\
pgfsys-common-pdf.def"
File: pgfsys-common-pdf.def 2013/10/10  (rcs-revision 1.13)
)))
("C:\Users\andre\AppData\Local\Programs\MiKTeX 2.9\tex\generic\pgf\systemlayer\
pgfsyssoftpath.code.tex"
File: pgfsyssoftpath.code.tex 2013/09/09  (rcs-revision 1.9)
\pgfsyssoftpath@smallbuffer@items=\count184
\pgfsyssoftpath@bigbuffer@items=\count185
)
("C:\Users\andre\AppData\Local\Programs\MiKTeX 2.9\tex\generic\pgf\systemlayer\
pgfsysprotocol.code.tex"
File: pgfsysprotocol.code.tex 2006/10/16  (rcs-revision 1.4)
))
("C:\Users\andre\AppData\Local\Programs\MiKTeX 2.9\tex\generic\pgf\basiclayer\p
gfcore.code.tex"
Package: pgfcore 2010/04/11 v3.0.1a (rcs-revision 1.7)

("C:\Users\andre\AppData\Local\Programs\MiKTeX 2.9\tex\generic\pgf\math\pgfmath
.code.tex"
("C:\Users\andre\AppData\Local\Programs\MiKTeX 2.9\tex\generic\pgf\math\pgfmath
calc.code.tex"
("C:\Users\andre\AppData\Local\Programs\MiKTeX 2.9\tex\generic\pgf\math\pgfmath
util.code.tex")
("C:\Users\andre\AppData\Local\Programs\MiKTeX 2.9\tex\generic\pgf\math\pgfmath
parser.code.tex"
\pgfmath@dimen=\dimen175
\pgfmath@count=\count186
\pgfmath@box=\box34
\pgfmath@toks=\toks43
\pgfmath@stack@operand=\toks44
\pgfmath@stack@operation=\toks45
)
("C:\Users\andre\AppData\Local\Programs\MiKTeX 2.9\tex\generic\pgf\math\pgfmath
functions.code.tex"
("C:\Users\andre\AppData\Local\Programs\MiKTeX 2.9\tex\generic\pgf\math\pgfmath
functions.basic.code.tex")
("C:\Users\andre\AppData\Local\Programs\MiKTeX 2.9\tex\generic\pgf\math\pgfmath
functions.trigonometric.code.tex")
("C:\Users\andre\AppData\Local\Programs\MiKTeX 2.9\tex\generic\pgf\math\pgfmath
functions.random.code.tex")
("C:\Users\andre\AppData\Local\Programs\MiKTeX 2.9\tex\generic\pgf\math\pgfmath
functions.comparison.code.tex")
("C:\Users\andre\AppData\Local\Programs\MiKTeX 2.9\tex\generic\pgf\math\pgfmath
functions.base.code.tex")
("C:\Users\andre\AppData\Local\Programs\MiKTeX 2.9\tex\generic\pgf\math\pgfmath
functions.round.code.tex")
("C:\Users\andre\AppData\Local\Programs\MiKTeX 2.9\tex\generic\pgf\math\pgfmath
functions.misc.code.tex")
("C:\Users\andre\AppData\Local\Programs\MiKTeX 2.9\tex\generic\pgf\math\pgfmath
functions.integerarithmetics.code.tex")))
("C:\Users\andre\AppData\Local\Programs\MiKTeX 2.9\tex\generic\pgf\math\pgfmath
float.code.tex"
\c@pgfmathroundto@lastzeros=\count187
))
("C:\Users\andre\AppData\Local\Programs\MiKTeX 2.9\tex\generic\pgf\basiclayer\p
gfcorepoints.code.tex"
File: pgfcorepoints.code.tex 2013/10/07  (rcs-revision 1.27)
\pgf@picminx=\dimen176
\pgf@picmaxx=\dimen177
\pgf@picminy=\dimen178
\pgf@picmaxy=\dimen179
\pgf@pathminx=\dimen180
\pgf@pathmaxx=\dimen181
\pgf@pathminy=\dimen182
\pgf@pathmaxy=\dimen183
\pgf@xx=\dimen184
\pgf@xy=\dimen185
\pgf@yx=\dimen186
\pgf@yy=\dimen187
\pgf@zx=\dimen188
\pgf@zy=\dimen189
)
("C:\Users\andre\AppData\Local\Programs\MiKTeX 2.9\tex\generic\pgf\basiclayer\p
gfcorepathconstruct.code.tex"
File: pgfcorepathconstruct.code.tex 2013/10/07  (rcs-revision 1.29)
\pgf@path@lastx=\dimen190
\pgf@path@lasty=\dimen191
)
("C:\Users\andre\AppData\Local\Programs\MiKTeX 2.9\tex\generic\pgf\basiclayer\p
gfcorepathusage.code.tex"
File: pgfcorepathusage.code.tex 2014/11/02  (rcs-revision 1.24)
\pgf@shorten@end@additional=\dimen192
\pgf@shorten@start@additional=\dimen193
)
("C:\Users\andre\AppData\Local\Programs\MiKTeX 2.9\tex\generic\pgf\basiclayer\p
gfcorescopes.code.tex"
File: pgfcorescopes.code.tex 2015/05/08  (rcs-revision 1.46)
\pgfpic=\box35
\pgf@hbox=\box36
\pgf@layerbox@main=\box37
\pgf@picture@serial@count=\count188
)
("C:\Users\andre\AppData\Local\Programs\MiKTeX 2.9\tex\generic\pgf\basiclayer\p
gfcoregraphicstate.code.tex"
File: pgfcoregraphicstate.code.tex 2014/11/02  (rcs-revision 1.12)
\pgflinewidth=\dimen194
)
("C:\Users\andre\AppData\Local\Programs\MiKTeX 2.9\tex\generic\pgf\basiclayer\p
gfcoretransformations.code.tex"
File: pgfcoretransformations.code.tex 2015/08/07  (rcs-revision 1.20)
\pgf@pt@x=\dimen256
\pgf@pt@y=\dimen257
\pgf@pt@temp=\dimen258
)
("C:\Users\andre\AppData\Local\Programs\MiKTeX 2.9\tex\generic\pgf\basiclayer\p
gfcorequick.code.tex"
File: pgfcorequick.code.tex 2008/10/09  (rcs-revision 1.3)
)
("C:\Users\andre\AppData\Local\Programs\MiKTeX 2.9\tex\generic\pgf\basiclayer\p
gfcoreobjects.code.tex"
File: pgfcoreobjects.code.tex 2006/10/11  (rcs-revision 1.2)
)
("C:\Users\andre\AppData\Local\Programs\MiKTeX 2.9\tex\generic\pgf\basiclayer\p
gfcorepathprocessing.code.tex"
File: pgfcorepathprocessing.code.tex 2013/09/09  (rcs-revision 1.9)
)
("C:\Users\andre\AppData\Local\Programs\MiKTeX 2.9\tex\generic\pgf\basiclayer\p
gfcorearrows.code.tex"
File: pgfcorearrows.code.tex 2015/05/14  (rcs-revision 1.43)
\pgfarrowsep=\dimen259
)
("C:\Users\andre\AppData\Local\Programs\MiKTeX 2.9\tex\generic\pgf\basiclayer\p
gfcoreshade.code.tex"
File: pgfcoreshade.code.tex 2013/07/15  (rcs-revision 1.15)
\pgf@max=\dimen260
\pgf@sys@shading@range@num=\count189
)
("C:\Users\andre\AppData\Local\Programs\MiKTeX 2.9\tex\generic\pgf\basiclayer\p
gfcoreimage.code.tex"
File: pgfcoreimage.code.tex 2013/07/15  (rcs-revision 1.18)

("C:\Users\andre\AppData\Local\Programs\MiKTeX 2.9\tex\generic\pgf\basiclayer\p
gfcoreexternal.code.tex"
File: pgfcoreexternal.code.tex 2014/07/09  (rcs-revision 1.21)
\pgfexternal@startupbox=\box38
))
("C:\Users\andre\AppData\Local\Programs\MiKTeX 2.9\tex\generic\pgf\basiclayer\p
gfcorelayers.code.tex"
File: pgfcorelayers.code.tex 2013/07/18  (rcs-revision 1.7)
)
("C:\Users\andre\AppData\Local\Programs\MiKTeX 2.9\tex\generic\pgf\basiclayer\p
gfcoretransparency.code.tex"
File: pgfcoretransparency.code.tex 2013/09/30  (rcs-revision 1.5)
)
("C:\Users\andre\AppData\Local\Programs\MiKTeX 2.9\tex\generic\pgf\basiclayer\p
gfcorepatterns.code.tex"
File: pgfcorepatterns.code.tex 2013/11/07  (rcs-revision 1.5)
)))
("C:\Users\andre\AppData\Local\Programs\MiKTeX 2.9\tex\generic\pgf\modules\pgfm
oduleshapes.code.tex"
File: pgfmoduleshapes.code.tex 2014/03/21  (rcs-revision 1.35)
\pgfnodeparttextbox=\box39
)
("C:\Users\andre\AppData\Local\Programs\MiKTeX 2.9\tex\generic\pgf\modules\pgfm
oduleplot.code.tex"
File: pgfmoduleplot.code.tex 2015/08/03  (rcs-revision 1.13)
)
("C:\Users\andre\AppData\Local\Programs\MiKTeX 2.9\tex\latex\pgf\compatibility\
pgfcomp-version-0-65.sty"
Package: pgfcomp-version-0-65 2007/07/03 v3.0.1a (rcs-revision 1.7)
\pgf@nodesepstart=\dimen261
\pgf@nodesepend=\dimen262
)
("C:\Users\andre\AppData\Local\Programs\MiKTeX 2.9\tex\latex\pgf\compatibility\
pgfcomp-version-1-18.sty"
Package: pgfcomp-version-1-18 2007/07/23 v3.0.1a (rcs-revision 1.1)
))
("C:\Users\andre\AppData\Local\Programs\MiKTeX 2.9\tex\latex\pgf\utilities\pgff
or.sty"
("C:\Users\andre\AppData\Local\Programs\MiKTeX 2.9\tex\latex\pgf\utilities\pgfk
eys.sty"
("C:\Users\andre\AppData\Local\Programs\MiKTeX 2.9\tex\generic\pgf\utilities\pg
fkeys.code.tex"))
("C:\Users\andre\AppData\Local\Programs\MiKTeX 2.9\tex\latex\pgf\math\pgfmath.s
ty"
("C:\Users\andre\AppData\Local\Programs\MiKTeX 2.9\tex\generic\pgf\math\pgfmath
.code.tex"))
("C:\Users\andre\AppData\Local\Programs\MiKTeX 2.9\tex\generic\pgf\utilities\pg
ffor.code.tex"
Package: pgffor 2013/12/13 v3.0.1a (rcs-revision 1.25)

("C:\Users\andre\AppData\Local\Programs\MiKTeX 2.9\tex\generic\pgf\math\pgfmath
.code.tex")
\pgffor@iter=\dimen263
\pgffor@skip=\dimen264
\pgffor@stack=\toks46
\pgffor@toks=\toks47
))
("C:\Users\andre\AppData\Local\Programs\MiKTeX 2.9\tex\generic\pgf\frontendlaye
r\tikz\tikz.code.tex"
Package: tikz 2015/08/07 v3.0.1a (rcs-revision 1.151)

("C:\Users\andre\AppData\Local\Programs\MiKTeX 2.9\tex\generic\pgf\libraries\pg
flibraryplothandlers.code.tex"
File: pgflibraryplothandlers.code.tex 2013/08/31 v3.0.1a (rcs-revision 1.20)
\pgf@plot@mark@count=\count190
\pgfplotmarksize=\dimen265
)
\tikz@lastx=\dimen266
\tikz@lasty=\dimen267
\tikz@lastxsaved=\dimen268
\tikz@lastysaved=\dimen269
\tikzleveldistance=\dimen270
\tikzsiblingdistance=\dimen271
\tikz@figbox=\box40
\tikz@figbox@bg=\box41
\tikz@tempbox=\box42
\tikz@tempbox@bg=\box43
\tikztreelevel=\count191
\tikznumberofchildren=\count192
\tikznumberofcurrentchild=\count193
\tikz@fig@count=\count194

("C:\Users\andre\AppData\Local\Programs\MiKTeX 2.9\tex\generic\pgf\modules\pgfm
odulematrix.code.tex"
File: pgfmodulematrix.code.tex 2013/09/17  (rcs-revision 1.8)
\pgfmatrixcurrentrow=\count266
\pgfmatrixcurrentcolumn=\count267
\pgf@matrix@numberofcolumns=\count268
)
\tikz@expandcount=\count269

("C:\Users\andre\AppData\Local\Programs\MiKTeX 2.9\tex\generic\pgf\frontendlaye
r\tikz\libraries\tikzlibrarytopaths.code.tex"
File: tikzlibrarytopaths.code.tex 2008/06/17 v3.0.1a (rcs-revision 1.2)
)))
("C:\Users\andre\AppData\Local\Programs\MiKTeX 2.9\tex\generic\pgf\frontendlaye
r\tikz\libraries\tikzlibrarypositioning.code.tex"
File: tikzlibrarypositioning.code.tex 2008/10/06 v3.0.1a (rcs-revision 1.7)
)
("C:\Users\andre\AppData\Local\Programs\MiKTeX 2.9\tex\generic\pgf\frontendlaye
r\tikz\libraries\tikzlibraryshadows.code.tex"
File: tikzlibraryshadows.code.tex 2008/01/13 v3.0.1a (rcs-revision 1.3)

("C:\Users\andre\AppData\Local\Programs\MiKTeX 2.9\tex\generic\pgf\frontendlaye
r\tikz\libraries\tikzlibraryfadings.code.tex"
File: tikzlibraryfadings.code.tex 2009/11/15 v3.0.1a (rcs-revision 1.2)

("C:\Users\andre\AppData\Local\Programs\MiKTeX 2.9\tex\generic\pgf\libraries\pg
flibraryfadings.code.tex"
File: pgflibraryfadings.code.tex 2008/02/07 v3.0.1a (rcs-revision 1.3)
)))
\c@@todonotes@numberoftodonotes=\count270
)) (fixos/comandos.tex) (fixos/novosComandos.tex)
(editaveis/informacoes.tex) (fixos/informacoes.tex) (fixos/setup.tex
Package hyperref Info: Option `colorlinks' set `true' on input line 16.
)
\main@idxfile=\write5
\openout5 = `main.idx'.


Writing index file main.idx 
(main.aux)
\openout1 = `main.aux'.

LaTeX Font Info:    Checking defaults for OML/cmm/m/it on input line 11.
LaTeX Font Info:    ... okay on input line 11.
LaTeX Font Info:    Checking defaults for T1/cmr/m/n on input line 11.
LaTeX Font Info:    ... okay on input line 11.
LaTeX Font Info:    Checking defaults for OT1/cmr/m/n on input line 11.
LaTeX Font Info:    ... okay on input line 11.
LaTeX Font Info:    Checking defaults for OMS/cmsy/m/n on input line 11.
LaTeX Font Info:    ... okay on input line 11.
LaTeX Font Info:    Checking defaults for OMX/cmex/m/n on input line 11.
LaTeX Font Info:    ... okay on input line 11.
LaTeX Font Info:    Checking defaults for U/cmr/m/n on input line 11.
LaTeX Font Info:    ... okay on input line 11.
LaTeX Font Info:    Checking defaults for PD1/pdf/m/n on input line 11.
LaTeX Font Info:    ... okay on input line 11.
LaTeX Font Info:    Try loading font information for T1+lmr on input line 11.

("C:\Users\andre\AppData\Local\Programs\MiKTeX 2.9\tex\latex\lm\t1lmr.fd"
File: t1lmr.fd 2009/10/30 v1.6 Font defs for Latin Modern
)
\AtBeginShipoutBox=\box44
Package hyperref Info: Link coloring ON on input line 11.

("C:\Users\andre\AppData\Local\Programs\MiKTeX 2.9\tex\latex\hyperref\nameref.s
ty"
Package: nameref 2016/05/21 v2.44 Cross-referencing by name of section

("C:\Users\andre\AppData\Local\Programs\MiKTeX 2.9\tex\generic\oberdiek\gettitl
estring.sty"
Package: gettitlestring 2016/05/16 v1.5 Cleanup title references (HO)
)
\c@section@level=\count271
)
Redoing nameref's sectioning
Redoing nameref's label
LaTeX Info: Redefining \nameref on input line 11.
LaTeX Info: Redefining \ref on input line 11.
LaTeX Info: Redefining \pageref on input line 11.
LaTeX Info: Redefining \nameref on input line 11.
LaTeX Info: Redefining \degres on input line 11.
LaTeX Info: Redefining \dots on input line 11.
LaTeX Info: Redefining \up on input line 11.
\myptabbox=\box45
\myptabboxwidth=\skip265
Package lastpage Info: Please have a look at the pageslts package at
(lastpage)             https://www.ctan.org/pkg/pageslts
(lastpage)             ! on input line 11.

("C:\Users\andre\AppData\Local\Programs\MiKTeX 2.9\tex\context\base\supp-pdf.mk
ii"
[Loading MPS to PDF converter (version 2006.09.02).]
\scratchcounter=\count272
\scratchdimen=\dimen272
\scratchbox=\box46
\nofMPsegments=\count273
\nofMParguments=\count274
\everyMPshowfont=\toks48
\MPscratchCnt=\count275
\MPscratchDim=\dimen273
\MPnumerator=\count276
\makeMPintoPDFobject=\count277
\everyMPtoPDFconversion=\toks49
)
("C:\Users\andre\AppData\Local\Programs\MiKTeX 2.9\tex\latex\oberdiek\epstopdf-
base.sty"
Package: epstopdf-base 2016/05/15 v2.6 Base part for package epstopdf

("C:\Users\andre\AppData\Local\Programs\MiKTeX 2.9\tex\latex\oberdiek\grfext.st
y"
Package: grfext 2016/05/16 v1.2 Manage graphics extensions (HO)
)
Package epstopdf-base Info: Redefining graphics rule for `.eps' on input line 4
38.
Package grfext Info: Graphics extension search list:
(grfext)             [.pdf,.png,.jpg,.mps,.jpeg,.jbig2,.jb2,.PDF,.PNG,.JPG,.JPE
G,.JBIG2,.JB2,.eps]
(grfext)             \AppendGraphicsExtensions on input line 456.
) ABD: EveryShipout initializing macros

Package todonotes Warning: The length marginparwidth is less than 2cm and will 
most likely cause issues with the appearance of inserted todonotes. The issue c
an be solved by adding a line like \setlength {\marginparwidth }{2cm} prior to 
loading the todonotes package. on input line 11.

LaTeX Font Info:    Try loading font information for T1+lmss on input line 14.
("C:\Users\andre\AppData\Local\Programs\MiKTeX 2.9\tex\latex\lm\t1lmss.fd"
File: t1lmss.fd 2009/10/30 v1.6 Font defs for Latin Modern
)
<figuras/ifgformosa2015horizontal01.jpg, id=31, 1760.5775pt x 593.21625pt>
File: figuras/ifgformosa2015horizontal01.jpg Graphic file (type jpg)
<use figuras/ifgformosa2015horizontal01.jpg>
Package pdftex.def Info: figuras/ifgformosa2015horizontal01.jpg  used on input 
line 14.
(pdftex.def)             Requested size: 597.487pt x 201.31973pt.

[1

{C:/Users/andre/AppData/Local/MiKTeX/2.9/pdftex/config/pdftex.map} <./figuras/i
fgformosa2015horizontal01.jpg>] [2

]
LaTeX Font Info:    Try loading font information for OT1+lmr on input line 16.

("C:\Users\andre\AppData\Local\Programs\MiKTeX 2.9\tex\latex\lm\ot1lmr.fd"
File: ot1lmr.fd 2009/10/30 v1.6 Font defs for Latin Modern
)<<ot1.cmap>>
LaTeX Font Info:    Try loading font information for OML+lmm on input line 16.

("C:\Users\andre\AppData\Local\Programs\MiKTeX 2.9\tex\latex\lm\omllmm.fd"
File: omllmm.fd 2009/10/30 v1.6 Font defs for Latin Modern
)<<oml.cmap>>
LaTeX Font Info:    Try loading font information for OMS+lmsy on input line 16.


("C:\Users\andre\AppData\Local\Programs\MiKTeX 2.9\tex\latex\lm\omslmsy.fd"
File: omslmsy.fd 2009/10/30 v1.6 Font defs for Latin Modern
)<<oms.cmap>>
LaTeX Font Info:    Try loading font information for OMX+lmex on input line 16.


("C:\Users\andre\AppData\Local\Programs\MiKTeX 2.9\tex\latex\lm\omxlmex.fd"
File: omxlmex.fd 2009/10/30 v1.6 Font defs for Latin Modern
)
LaTeX Font Info:    External font `lmex10' loaded for size
(Font)              <12> on input line 16.
<<omx.cmap>>
LaTeX Font Info:    External font `lmex10' loaded for size
(Font)              <8> on input line 16.
LaTeX Font Info:    External font `lmex10' loaded for size
(Font)              <6> on input line 16.
pdfTeX warning (ext4): destination with the same identifier (name{page.1}) has 
been already used, duplicate ignored
<to be read again> 
                   \relax 
l.16 
      [1


] (fixos/fichaCatalografica.tex
Underfull \hbox (badness 10000) in paragraph at lines 12--13

 []


Underfull \hbox (badness 10000) in paragraph at lines 14--15

 []


Overfull \hbox (16.44858pt too wide) in paragraph at lines 16--19
[]  [] 
 []


Underfull \hbox (badness 10000) in paragraph at lines 16--19

 []


Underfull \hbox (badness 10000) in paragraph at lines 20--27

 []


Underfull \hbox (badness 10000) in paragraph at lines 28--29

 []

LaTeX Font Info:    External font `lmex10' loaded for size
(Font)              <10> on input line 30.
LaTeX Font Info:    External font `lmex10' loaded for size
(Font)              <7> on input line 30.
LaTeX Font Info:    External font `lmex10' loaded for size
(Font)              <5> on input line 30.
) (fixos/folhaDeAprovacao.texpdfTeX warning (ext4): destination with the same i
dentifier (name{page.2}) has been already used, duplicate ignored
<to be read again> 
                   \relax 
l.2 
     [2] [3

] [4

]) (editaveis/resumo.tex [5] [6

]) (editaveis/abstract.tex
[7] [8

]) (fixos/listasAutomaticas.tex (main.lof) [9] [10

])
(editaveis/abreviaturas.tex [11

] [12

]) (fixos/indiceAutomatico.tex (main.toc
LaTeX Font Info:    External font `lmex10' loaded for size
(Font)              <14.4> on input line 8.
LaTeX Font Info:    Font shape `T1/lmss/m/it' in size <10.95> not available
(Font)              Font shape `T1/lmss/m/sl' tried instead on input line 25.

[13]) [14]) (editaveis/introducao.tex
Underfull \vbox (badness 10000) has occurred while \output is active []

 [15


]
LaTeX Font Info:    Try loading font information for OMS+lmr on input line 56.

("C:\Users\andre\AppData\Local\Programs\MiKTeX 2.9\tex\latex\lm\omslmr.fd"
File: omslmr.fd 2009/10/30 v1.6 Font defs for Latin Modern
)
LaTeX Font Info:    Font shape `OMS/lmr/m/n' in size <12> not available
(Font)              Font shape `OMS/lmsy/m/n' tried instead on input line 56.

[16]) (editaveis/processolicitatorio.tex [17] [18

] [19] [20] [21

] [22] [23]
[24] [25] [26

]) (editaveis/desenvolvimentodesistemas.tex [27] [28

] [29]
[30]
Underfull \vbox (badness 1082) has occurred while \output is active []

 [31

]
<figuras/figura001.png, id=510, 779.16093pt x 443.40656pt>
File: figuras/figura001.png Graphic file (type png)
<use figuras/figura001.png>
Package pdftex.def Info: figuras/figura001.png  used on input line 32.
(pdftex.def)             Requested size: 432.24861pt x 245.98529pt.

[32pdfTeX warning (ext4): destination with the same identifier (name{figure.3.1
}) has been already used, duplicate ignored

\AtBegShi@Output ...ipout \box \AtBeginShipoutBox 
                                                  \fi \fi 
l.48 
      <./figuras/figura001.png>]
LaTeX Font Info:    Font shape `T1/lmss/m/it' in size <12> not available
(Font)              Font shape `T1/lmss/m/sl' tried instead on input line 67.
 [33] [34]

LaTeX Font Warning: Command \tiny invalid in math mode on input line 134.


LaTeX Warning: Command \textregistered invalid in math mode on input line 134.


LaTeX Warning: Command \textcircled invalid in math mode on input line 134.

LaTeX Font Info:    Font shape `OMS/lmr/m/n' in size <8> not available
(Font)              Font shape `OMS/lmsy/m/n' tried instead on input line 134.

LaTeX Warning: Command \textcircled invalid in math mode on input line 134.


LaTeX Font Warning: Command \tiny invalid in math mode on input line 139.


LaTeX Warning: Command \textregistered invalid in math mode on input line 139.


LaTeX Warning: Command \textcircled invalid in math mode on input line 139.


LaTeX Warning: Command \textcircled invalid in math mode on input line 139.

[35] [36]
<figuras/figura002.png, id=648, 840.13875pt x 304.13625pt>
File: figuras/figura002.png Graphic file (type png)
<use figuras/figura002.png>
Package pdftex.def Info: figuras/figura002.png  used on input line 186.
(pdftex.def)             Requested size: 432.24861pt x 156.47644pt.

Underfull \hbox (badness 2027) in paragraph at lines 187--187
[][]\T1/lmr/m/n/12 Linguagens de pro-gra-ma-o mais de-man-da-das pela in-ds-
tria de soft-
 []

<figuras/figura003.png, id=653, 864.98157pt x 292.09125pt>
File: figuras/figura003.png Graphic file (type png)
<use figuras/figura003.png>
Package pdftex.def Info: figuras/figura003.png  used on input line 193.
(pdftex.def)             Requested size: 432.24861pt x 145.96503pt.
<figuras/figura004.png, id=658, 551.05875pt x 274.77657pt>
File: figuras/figura004.png Graphic file (type png)
<use figuras/figura004.png>
Package pdftex.def Info: figuras/figura004.png  used on input line 200.
(pdftex.def)             Requested size: 432.24861pt x 215.54074pt.

Underfull \vbox (badness 10000) has occurred while \output is active []

 [37pdfTeX warning (ext4): destination with the same identifier (name{figure.3.
2}) has been already used, duplicate ignored

\AtBegShi@Output ...ipout \box \AtBeginShipoutBox 
                                                  \fi \fi 
l.204 
       <./figuras/figura002.png>] [38pdfTeX warning (ext4): destination with th
e same identifier (name{figure.3.3}) has been already used, duplicate ignored

\AtBegShi@Output ...ipout \box \AtBeginShipoutBox 
                                                  \fi \fi 
l.214 
      pdfTeX warning (ext4): destination with the same identifier (name{figure.
3.4}) has been already used, duplicate ignored

\AtBegShi@Output ...ipout \box \AtBeginShipoutBox 
                                                  \fi \fi 
l.214 
       <./figuras/figura003.png> <./figuras/figura004.png>])
(editaveis/metodo.tex [39] [40

] [41] [42] [43

]
<figuras/bdAtualizado.png, id=726, 768.62157pt x 430.60875pt>
File: figuras/bdAtualizado.png Graphic file (type png)
<use figuras/bdAtualizado.png>
Package pdftex.def Info: figuras/bdAtualizado.png  used on input line 57.
(pdftex.def)             Requested size: 672.59784pt x 376.84085pt.
<figuras/figura005.png, id=728, 954.56625pt x 553.06625pt>
File: figuras/figura005.png Graphic file (type png)
<use figuras/figura005.png>
Package pdftex.def Info: figuras/figura005.png  used on input line 72.
(pdftex.def)             Requested size: 672.59784pt x 389.69234pt.
) (editaveis/resultados.tex
[44] [45pdfTeX warning (ext4): destination with the same identifier (name{figur
e.4.5}) has been already used, duplicate ignored

\AtBegShi@Output ...ipout \box \AtBeginShipoutBox 
                                                  \fi \fi 
l.1 \part
         {Resultados} <./figuras/bdAtualizado.png>] [46pdfTeX warning (ext4): d
estination with the same identifier (name{figure.4.6}) has been already used, d
uplicate ignored

\AtBegShi@Output ...ipout \box \AtBeginShipoutBox 
                                                  \fi \fi 
l.1 \part
         {Resultados} <./figuras/figura005.png>] [47

] [48]
Overfull \hbox (15.74893pt too wide) in paragraph at lines 21--22
[]\T1/lmr/m/n/12 Os sis-tema est dis-po-n-vel no GitHub no en-de-reo: [][]$<
[]https : / / github . com / dragao1995 /
 []

<figuras/prototipo001.png, id=754, 896.59969pt x 234.8775pt>
File: figuras/prototipo001.png Graphic file (type png)
<use figuras/prototipo001.png>
Package pdftex.def Info: figuras/prototipo001.png  used on input line 25.
(pdftex.def)             Requested size: 432.24861pt x 113.23091pt.
) (editaveis/conclusao.tex [49

pdfTeX warning (ext4): destination with the same identifier (name{figure.5.7}) 
has been already used, duplicate ignored

\AtBegShi@Output ...ipout \box \AtBeginShipoutBox 
                                                  \fi \fi 
l.1 \chapter
            [Concluso]{Concluso}\label{Capitulo6} <./figuras/prototipo001.p
ng>] [50

]) (main.bbl (main.brf)
\tf@brf=\write6
\openout6 = `main.brf'.

 [51] [52

]
bibitemlist
[53] [54] [55] [56]) (editaveis/anexos.tex [57] [58

]

Package hyperref Warning: Token not allowed in a PDF string (PDFDocEncoding):
(hyperref)                removing `\uppercase' on input line 4.

[59

] [60] [61

] [62] [63

]
File: figuras/prototipo001.png Graphic file (type png)
<use figuras/prototipo001.png>
Package pdftex.def Info: figuras/prototipo001.png  used on input line 93.
(pdftex.def)             Requested size: 432.24861pt x 113.23091pt.
<figuras/prototipoA001.png, id=986, 878.53218pt x 525.46312pt>
File: figuras/prototipoA001.png Graphic file (type png)
<use figuras/prototipoA001.png>
Package pdftex.def Info: figuras/prototipoA001.png  used on input line 100.
(pdftex.def)             Requested size: 432.24861pt x 258.53754pt.
<figuras/prototipoA002.png, id=987, 880.79062pt x 525.46312pt>
File: figuras/prototipoA002.png Graphic file (type png)
<use figuras/prototipoA002.png>
Package pdftex.def Info: figuras/prototipoA002.png  used on input line 107.
(pdftex.def)             Requested size: 432.24861pt x 257.87206pt.
<figuras/prototipo002.png, id=988, 899.61093pt x 494.59781pt>
File: figuras/prototipo002.png Graphic file (type png)
<use figuras/prototipo002.png>
Package pdftex.def Info: figuras/prototipo002.png  used on input line 114.
(pdftex.def)             Requested size: 432.24861pt x 237.64574pt.
<figuras/prototipo003.png, id=989, 909.3975pt x 673.01437pt>
File: figuras/prototipo003.png Graphic file (type png)
<use figuras/prototipo003.png>
Package pdftex.def Info: figuras/prototipo003.png  used on input line 121.
(pdftex.def)             Requested size: 432.24861pt x 319.89053pt.
<figuras/prototipo004.png, id=990, 464.4853pt x 171.64125pt>
File: figuras/prototipo004.png Graphic file (type png)
<use figuras/prototipo004.png>
Package pdftex.def Info: figuras/prototipo004.png  used on input line 128.
(pdftex.def)             Requested size: 432.24861pt x 159.73207pt.
<figuras/prototipo005.png, id=991, 459.21562pt x 183.68625pt>
File: figuras/prototipo005.png Graphic file (type png)
<use figuras/prototipo005.png>
Package pdftex.def Info: figuras/prototipo005.png  used on input line 135.
(pdftex.def)             Requested size: 432.24861pt x 172.90892pt.
 [64] [65pdfTeX warning (ext4): destination with the same identifier (name{figu
re.anexochapback.2.8}) has been already used, duplicate ignored

\AtBegShi@Output ...ipout \box \AtBeginShipoutBox 
                                                  \fi \fi 
l.140 \chapter
              {Caso de uso 003}\label{CASO003}pdfTeX warning (ext4): destinatio
n with the same identifier (name{figure.anexochapback.2.9}) has been already us
ed, duplicate ignored

\AtBegShi@Output ...ipout \box \AtBeginShipoutBox 
                                                  \fi \fi 
l.140 \chapter
              {Caso de uso 003}\label{CASO003} <./figuras/prototipoA001.png>]
[66pdfTeX warning (ext4): destination with the same identifier (name{figure.ane
xochapback.2.10}) has been already used, duplicate ignored

\AtBegShi@Output ...ipout \box \AtBeginShipoutBox 
                                                  \fi \fi 
l.140 \chapter
              {Caso de uso 003}\label{CASO003}pdfTeX warning (ext4): destinatio
n with the same identifier (name{figure.anexochapback.2.11}) has been already u
sed, duplicate ignored

\AtBegShi@Output ...ipout \box \AtBeginShipoutBox 
                                                  \fi \fi 
l.140 \chapter
              {Caso de uso 003}\label{CASO003} <./figuras/prototipoA002.png> <.
/figuras/prototipo002.png>] [67pdfTeX warning (ext4): destination with the same
 identifier (name{figure.anexochapback.2.12}) has been already used, duplicate 
ignored

\AtBegShi@Output ...ipout \box \AtBeginShipoutBox 
                                                  \fi \fi 
l.140 \chapter
              {Caso de uso 003}\label{CASO003}pdfTeX warning (ext4): destinatio
n with the same identifier (name{figure.anexochapback.2.13}) has been already u
sed, duplicate ignored

\AtBegShi@Output ...ipout \box \AtBeginShipoutBox 
                                                  \fi \fi 
l.140 \chapter
              {Caso de uso 003}\label{CASO003} <./figuras/prototipo003.png> <./
figuras/prototipo004.png>] [68pdfTeX warning (ext4): destination with the same 
identifier (name{figure.anexochapback.2.14}) has been already used, duplicate i
gnored

\AtBegShi@Output ...ipout \box \AtBeginShipoutBox 
                                                  \fi \fi 
l.140 \chapter
              {Caso de uso 003}\label{CASO003} <./figuras/prototipo005.png>]
Overfull \hbox (29.76404pt too wide) in paragraph at lines 157--158
[]\T1/lmr/m/n/12 Ator clica em Ana-li-sar, o sis-tema  re-di-re-ci-o-nado para
 a tela de an-lise [[][]RN005[][][]] [[][]PROT007:
 []


Overfull \hbox (21.39531pt too wide) in paragraph at lines 158--159
[]\T1/lmr/m/n/12 Ator clica em ``Sim'', ir se aberto uma tela de au-x-lio par
a con-fir-mar [[][]RN003[][][]] [[][]PROT008:
 []

[69

]
<figuras/prototipo006.png, id=1069, 892.83563pt x 619.56468pt>
File: figuras/prototipo006.png Graphic file (type png)
<use figuras/prototipo006.png>
Package pdftex.def Info: figuras/prototipo006.png  used on input line 187.
(pdftex.def)             Requested size: 432.24861pt x 299.94963pt.
<figuras/prototipo007.png, id=1070, 931.22906pt x 816.04875pt>
File: figuras/prototipo007.png Graphic file (type png)
<use figuras/prototipo007.png>
Package pdftex.def Info: figuras/prototipo007.png  used on input line 194.
(pdftex.def)             Requested size: 432.24861pt x 378.78635pt.
<figuras/prototipo008.png, id=1071, 467.49657pt x 170.88844pt>
File: figuras/prototipo008.png Graphic file (type png)
<use figuras/prototipo008.png>
Package pdftex.def Info: figuras/prototipo008.png  used on input line 201.
(pdftex.def)             Requested size: 432.24861pt x 158.01195pt.
 [70] [71pdfTeX warning (ext4): destination with the same identifier (name{figu
re.anexochapback.3.15}) has been already used, duplicate ignored

\AtBegShi@Output ...ipout \box \AtBeginShipoutBox 
                                                  \fi \fi 
l.206 \chapter
              {Caso de uso 004}\label{CASO004} <./figuras/prototipo006.png>]
[72pdfTeX warning (ext4): destination with the same identifier (name{figure.ane
xochapback.3.16}) has been already used, duplicate ignored

\AtBegShi@Output ...ipout \box \AtBeginShipoutBox 
                                                  \fi \fi 
l.206 \chapter
              {Caso de uso 004}\label{CASO004}pdfTeX warning (ext4): destinatio
n with the same identifier (name{figure.anexochapback.3.17}) has been already u
sed, duplicate ignored

\AtBegShi@Output ...ipout \box \AtBeginShipoutBox 
                                                  \fi \fi 
l.206 \chapter
              {Caso de uso 004}\label{CASO004} <./figuras/prototipo007.png> <./
figuras/prototipo008.png>]
Overfull \hbox (36.03517pt too wide) in paragraph at lines 223--224
[]\T1/lmr/m/n/12 Ator clica em res-posta, ir se aberto uma tela de au-x-lio c
om a res-posta. [[][]RN002[][][]] [[][]PROT010:
 []

<figuras/prototipo009.png, id=1096, 860.46469pt x 612.78937pt>
File: figuras/prototipo009.png Graphic file (type png)
<use figuras/prototipo009.png>
Package pdftex.def Info: figuras/prototipo009.png  used on input line 242.
(pdftex.def)             Requested size: 432.24861pt x 307.8339pt.
[73

]
<figuras/prototipo010.png, id=1115, 459.96844pt x 202.50656pt>
File: figuras/prototipo010.png Graphic file (type png)
<use figuras/prototipo010.png>
Package pdftex.def Info: figuras/prototipo010.png  used on input line 249.
(pdftex.def)             Requested size: 432.24861pt x 190.31291pt.
)
No file main.ind.

AED: lastpage setting LastPage
[74pdfTeX warning (ext4): destination with the same identifier (name{figure.ane
xochapback.4.18}) has been already used, duplicate ignored

\AtBegShi@Output ...ipout \box \AtBeginShipoutBox 
                                                  \fi \fi 
l.48 \end{document}
                   pdfTeX warning (ext4): destination with the same identifier 
(name{figure.anexochapback.4.19}) has been already used, duplicate ignored

\AtBegShi@Output ...ipout \box \AtBeginShipoutBox 
                                                  \fi \fi 
l.48 \end{document}
                    <./figuras/prototipo009.png> <./figuras/prototipo010.png>]
\tf@lof=\write7
\openout7 = `main.lof'.

\tf@toc=\write8
\openout8 = `main.toc'.

Package atveryend Info: Empty hook `BeforeClearDocument' on input line 48.
Package atveryend Info: Empty hook `AfterLastShipout' on input line 48.

(main.aux)
Package atveryend Info: Executing hook `AtVeryEndDocument' on input line 48.
Package atveryend Info: Executing hook `AtEndAfterFileList' on input line 48.
Package rerunfilecheck Info: File `main.brf' has not changed.
(rerunfilecheck)             Checksum: 8404B3F3F70B24F99DD40703470A47C7;5930.
Package atveryend Info: Empty hook `AtVeryVeryEnd' on input line 48.
 ) 
Here is how much of TeX's memory you used:
 24135 strings out of 492969
 437875 string characters out of 3126586
 545597 words of memory out of 3000000
 27105 multiletter control sequences out of 15000+200000
 97774 words of font info for 61 fonts, out of 3000000 for 9000
 1141 hyphenation exceptions out of 8191
 70i,13n,80p,597b,669s stack positions out of 5000i,500n,10000p,200000b,50000s
{C:/Users/andre/AppData/Local/Programs/MiKTeX 2.9/fonts/enc/dvips/lm/lm-ec.en
c}{C:/Users/andre/AppData/Local/Programs/MiKTeX 2.9/fonts/enc/dvips/lm/lm-rm.en
c}{C:/Users/andre/AppData/Local/Programs/MiKTeX 2.9/fonts/enc/dvips/lm/lm-mathi
t.enc}{C:/Users/andre/AppData/Local/Programs/MiKTeX 2.9/fonts/enc/dvips/lm/lm-m
athsy.enc}<C:/Users/andre/AppData/Local/Programs/MiKTeX 2.9/fonts/type1/public/
lm/lmbx12.pfb><C:/Users/andre/AppData/Local/Programs/MiKTeX 2.9/fonts/type1/pub
lic/lm/lmmi12.pfb><C:/Users/andre/AppData/Local/Programs/MiKTeX 2.9/fonts/type1
/public/lm/lmr10.pfb><C:/Users/andre/AppData/Local/Programs/MiKTeX 2.9/fonts/ty
pe1/public/lm/lmr12.pfb><C:/Users/andre/AppData/Local/Programs/MiKTeX 2.9/fonts
/type1/public/lm/lmr6.pfb><C:/Users/andre/AppData/Local/Programs/MiKTeX 2.9/fon
ts/type1/public/lm/lmr7.pfb><C:/Users/andre/AppData/Local/Programs/MiKTeX 2.9/f
onts/type1/public/lm/lmr8.pfb><C:/Users/andre/AppData/Local/Programs/MiKTeX 2.9
/fonts/type1/public/lm/lmri10.pfb><C:/Users/andre/AppData/Local/Programs/MiKTeX
 2.9/fonts/type1/public/lm/lmri12.pfb><C:/Users/andre/AppData/Local/Programs/Mi
KTeX 2.9/fonts/type1/public/lm/lmri8.pfb><C:/Users/andre/AppData/Local/Programs
/MiKTeX 2.9/fonts/type1/public/lm/lmss10.pfb><C:/Users/andre/AppData/Local/Prog
rams/MiKTeX 2.9/fonts/type1/public/lm/lmss12.pfb><C:/Users/andre/AppData/Local/
Programs/MiKTeX 2.9/fonts/type1/public/lm/lmss17.pfb><C:/Users/andre/AppData/Lo
cal/Programs/MiKTeX 2.9/fonts/type1/public/lm/lmssbx10.pfb><C:/Users/andre/AppD
ata/Local/Programs/MiKTeX 2.9/fonts/type1/public/lm/lmsso10.pfb><C:/Users/andre
/AppData/Local/Programs/MiKTeX 2.9/fonts/type1/public/lm/lmsso12.pfb><C:/Users/
andre/AppData/Local/Programs/MiKTeX 2.9/fonts/type1/public/lm/lmsy10.pfb><C:/Us
ers/andre/AppData/Local/Programs/MiKTeX 2.9/fonts/type1/public/lm/lmsy8.pfb>
Output written on main.pdf (76 pages, 1775881 bytes).
PDF statistics:
 1432 PDF objects out of 1440 (max. 8388607)
 321 named destinations out of 1000 (max. 500000)
 704 words of extra memory for PDF output out of 10000 (max. 10000000)

